*** Starting uWSGI 2.0.1 (64bit) on [Tue Feb 18 23:42:50 2014] ***
compiled with version: 4.7.3 on 18 February 2014 23:42:08
os: Linux-3.8.0-19-generic #30-Ubuntu SMP Wed May 1 16:35:23 UTC 2013
nodename: TestServ
machine: x86_64
clock source: unix
detected number of CPU cores: 2
current working directory: /home/yournextmep/api
detected binary path: /home/yournextmep/ENV/bin/uwsgi
!!! no internal routing support, rebuild with pcre support !!!
*** WARNING: you are running uWSGI without its master process manager ***
your processes number limit is 15962
your memory page size is 4096 bytes
detected max file descriptor number: 1024
lock engine: pthread robust mutexes
thunder lock: disabled (you can enable it with --thunder-lock)
uwsgi socket 0 bound to UNIX address server.sock fd 3
Python version: 2.7.4 (default, Sep 26 2013, 03:23:21)  [GCC 4.7.3]
*** Python threads support is disabled. You can enable it with --enable-threads ***
Python main interpreter initialized at 0x1ea73f0
your server socket listen backlog is limited to 100 connections
your mercy for graceful operations on workers is 60 seconds
mapped 72760 bytes (71 KB) for 1 cores
*** Operational MODE: single process ***
WSGI app 0 (mountpoint='') ready in 0 seconds on interpreter 0x1ea73f0 pid: 24137 (default app)
*** uWSGI is running in multiple interpreter mode ***
spawned uWSGI worker 1 (and the only) (pid: 24137, cores: 1)
[pid: 24137|app: 0|req: 1/1] 86.8.154.248 () {40 vars in 702 bytes} [Tue Feb 18 23:43:03 2014] GET /api => generated 233 bytes in 2 msecs (HTTP/1.1 404) 2 headers in 72 bytes (1 switches on core 0)
[pid: 24137|app: 0|req: 2/2] 86.8.154.248 () {40 vars in 720 bytes} [Tue Feb 18 23:43:08 2014] GET /api/postcode => generated 233 bytes in 1 msecs (HTTP/1.1 404) 2 headers in 72 bytes (1 switches on core 0)
[pid: 24137|app: 0|req: 3/3] 86.8.154.248 () {42 vars in 751 bytes} [Tue Feb 18 23:43:36 2014] GET /api/postcode => generated 233 bytes in 1 msecs (HTTP/1.1 404) 2 headers in 72 bytes (1 switches on core 0)
[pid: 24137|app: 0|req: 4/4] 86.8.154.248 () {42 vars in 751 bytes} [Tue Feb 18 23:43:43 2014] GET /api/postcode => generated 233 bytes in 0 msecs (HTTP/1.1 404) 2 headers in 72 bytes (1 switches on core 0)
[pid: 24137|app: 0|req: 5/5] 86.8.154.248 () {42 vars in 751 bytes} [Tue Feb 18 23:43:43 2014] GET /api/postcode => generated 233 bytes in 1 msecs (HTTP/1.1 404) 2 headers in 72 bytes (1 switches on core 0)
[pid: 24137|app: 0|req: 6/6] 86.8.154.248 () {42 vars in 751 bytes} [Tue Feb 18 23:43:43 2014] GET /api/postcode => generated 233 bytes in 1 msecs (HTTP/1.1 404) 2 headers in 72 bytes (1 switches on core 0)
*** Starting uWSGI 2.0.1 (64bit) on [Tue Feb 18 23:44:14 2014] ***
compiled with version: 4.7.3 on 18 February 2014 23:42:08
os: Linux-3.8.0-19-generic #30-Ubuntu SMP Wed May 1 16:35:23 UTC 2013
nodename: TestServ
machine: x86_64
clock source: unix
detected number of CPU cores: 2
current working directory: /home/yournextmep/api
detected binary path: /home/yournextmep/ENV/bin/uwsgi
!!! no internal routing support, rebuild with pcre support !!!
*** WARNING: you are running uWSGI without its master process manager ***
your processes number limit is 15962
your memory page size is 4096 bytes
detected max file descriptor number: 1024
lock engine: pthread robust mutexes
thunder lock: disabled (you can enable it with --thunder-lock)
uwsgi socket 0 bound to UNIX address server.sock fd 3
Python version: 2.7.4 (default, Sep 26 2013, 03:23:21)  [GCC 4.7.3]
*** Python threads support is disabled. You can enable it with --enable-threads ***
Python main interpreter initialized at 0x22173f0
your server socket listen backlog is limited to 100 connections
your mercy for graceful operations on workers is 60 seconds
mapped 72760 bytes (71 KB) for 1 cores
*** Operational MODE: single process ***
WSGI app 0 (mountpoint='') ready in 0 seconds on interpreter 0x22173f0 pid: 24252 (default app)
*** uWSGI is running in multiple interpreter mode ***
spawned uWSGI worker 1 (and the only) (pid: 24252, cores: 1)
[pid: 24252|app: 0|req: 1/1] 86.8.154.248 () {42 vars in 751 bytes} [Tue Feb 18 23:44:16 2014] GET /api/postcode => generated 178 bytes in 2 msecs (HTTP/1.1 405) 3 headers in 103 bytes (1 switches on core 0)
[pid: 24252|app: 0|req: 2/2] 86.8.154.248 () {36 vars in 502 bytes} [Tue Feb 18 23:44:29 2014] POST /api/postcode => generated 82 bytes in 79 msecs (HTTP/1.1 200) 2 headers in 71 bytes (1 switches on core 0)
*** Starting uWSGI 2.0.1 (64bit) on [Tue Feb 18 23:45:36 2014] ***
compiled with version: 4.7.3 on 18 February 2014 23:42:08
os: Linux-3.8.0-19-generic #30-Ubuntu SMP Wed May 1 16:35:23 UTC 2013
nodename: TestServ
machine: x86_64
clock source: unix
detected number of CPU cores: 2
current working directory: /home/yournextmep/site/_api
detected binary path: /home/yournextmep/ENV/bin/uwsgi
!!! no internal routing support, rebuild with pcre support !!!
*** WARNING: you are running uWSGI without its master process manager ***
your processes number limit is 15962
your memory page size is 4096 bytes
detected max file descriptor number: 1024
lock engine: pthread robust mutexes
thunder lock: disabled (you can enable it with --thunder-lock)
uwsgi socket 0 bound to UNIX address server.sock fd 3
Python version: 2.7.4 (default, Sep 26 2013, 03:23:21)  [GCC 4.7.3]
*** Python threads support is disabled. You can enable it with --enable-threads ***
Python main interpreter initialized at 0x1ca63f0
your server socket listen backlog is limited to 100 connections
your mercy for graceful operations on workers is 60 seconds
mapped 72760 bytes (71 KB) for 1 cores
*** Operational MODE: single process ***
WSGI app 0 (mountpoint='') ready in 0 seconds on interpreter 0x1ca63f0 pid: 24440 (default app)
*** uWSGI is running in multiple interpreter mode ***
spawned uWSGI worker 1 (and the only) (pid: 24440, cores: 1)
[pid: 24440|app: 0|req: 1/1] 86.8.154.248 () {42 vars in 751 bytes} [Tue Feb 18 23:45:37 2014] GET /api/postcode => generated 178 bytes in 2 msecs (HTTP/1.1 405) 3 headers in 103 bytes (1 switches on core 0)
[pid: 24440|app: 0|req: 2/2] 86.8.154.248 () {36 vars in 502 bytes} [Tue Feb 18 23:45:41 2014] POST /api/postcode => generated 82 bytes in 68 msecs (HTTP/1.1 200) 2 headers in 71 bytes (1 switches on core 0)
